<?xml version="1.0" encoding="UTF-8"?>
<!-- Generated by org.testng.reporters.JUnitReportReporter -->
<testsuite hostname="Md-Nazmul-Islam" failures="0" tests="2" name="testNGProject.Annotations" time="0.009" errors="0" timestamp="2022-01-27T10:53:17 EST" skipped="0">
  <testcase classname="testNGProject.Annotations" name="testcase2" time="0.003"/>
  <system-out>
    <![CDATA[This is the 2nd test case]]>
  </system-out>
  <testcase classname="testNGProject.Annotations" name="testcase" time="0.006"/>
  <system-out>
    <![CDATA[This is the executable block of code]]>
  </system-out>
</testsuite> <!-- testNGProject.Annotations -->
