<?xml version="1.0" encoding="UTF-8"?>
<!-- Generated by org.testng.reporters.JUnitReportReporter -->
<testsuite hostname="Md-Nazmul-Islam" failures="0" tests="1" name="testNGProject.InvokeBrowser" time="2.676" errors="0" timestamp="2022-01-27T10:51:48 EST" skipped="0">
  <testcase classname="testNGProject.InvokeBrowser" name="launchBrowser" time="2.676"/>
  <system-out/>
</testsuite> <!-- testNGProject.InvokeBrowser -->
