<?xml version="1.0" encoding="UTF-8"?>
<!-- Generated by org.testng.reporters.JUnitReportReporter -->
<testsuite hostname="Md-Nazmul-Islam" failures="0" tests="1" name="testNGProject.Globalvalue_Property_File" time="0.005" errors="0" timestamp="2022-01-31T21:07:05 EST" skipped="0">
  <testcase classname="testNGProject.Globalvalue_Property_File" name="InvokePropertyFile" time="0.005"/>
  <system-out/>
</testsuite> <!-- testNGProject.Globalvalue_Property_File -->
