<?xml version="1.0" encoding="UTF-8"?>
<!-- Generated by org.testng.reporters.JUnitReportReporter -->
<testsuite hostname="Md-Nazmul-Islam" failures="0" tests="3" name="testNGProject.Grouping" time="0.006" errors="0" timestamp="2022-01-27T10:57:37 EST" skipped="1">
  <testcase classname="testNGProject.Grouping" name="createUser" time="0.005"/>
  <system-out>
    <![CDATA[User created successfully]]>
  </system-out>
  <testcase classname="testNGProject.Grouping" name="deleteUser" time="0.001"/>
  <system-out>
    <![CDATA[User deleted successfully]]>
  </system-out>
  <testcase classname="testNGProject.Grouping" name="editUser">
    <skipped/>
  </testcase> <!-- editUser -->
  <system-out/>
</testsuite> <!-- testNGProject.Grouping -->
